build/app/intermediates/manifest_merge_blame_file/release/manifest-merger-blame-release-report.txt
1<?xml version="1.0" encoding="utf-8"?>
2<manifest xmlns:android="http://schemas.android.com/apk/res/android"
3    package="com.example.fit"
4    android:versionCode="1"
5    android:versionName="1.0.0" >
6
7    <uses-sdk
8        android:minSdkVersion="21"
8-->src/main/AndroidManifest.xml
9        android:targetSdkVersion="33" />
9-->src/main/AndroidManifest.xml
10
11    <uses-permission android:name="android.permission.ACCESS_NETWORK_STATE" />
11-->[:firebase_analytics] AndroidManifest.xml:9:5-79
11-->[:firebase_analytics] AndroidManifest.xml:9:22-76
12    <uses-permission android:name="android.permission.INTERNET" />
12-->[:firebase_analytics] AndroidManifest.xml:10:5-67
12-->[:firebase_analytics] AndroidManifest.xml:10:22-64
13    <uses-permission android:name="android.permission.WAKE_LOCK" /> <!-- Permissions options for the `notification` group -->
13-->[:firebase_analytics] AndroidManifest.xml:11:5-68
13-->[:firebase_analytics] AndroidManifest.xml:11:22-65
14    <uses-permission android:name="android.permission.POST_NOTIFICATIONS" />
14-->[:firebase_messaging] AndroidManifest.xml:13:5-77
14-->[:firebase_messaging] AndroidManifest.xml:13:22-74
15    <uses-permission android:name="android.permission.RECEIVE_BOOT_COMPLETED" />
15-->[:flutter_local_notifications] AndroidManifest.xml:9:5-81
15-->[:flutter_local_notifications] AndroidManifest.xml:9:22-78
16    <uses-permission android:name="android.permission.VIBRATE" />
16-->[:flutter_local_notifications] AndroidManifest.xml:10:5-66
16-->[:flutter_local_notifications] AndroidManifest.xml:10:22-63
17    <uses-permission android:name="android.permission.USE_FULL_SCREEN_INTENT" />
17-->[:flutter_local_notifications] AndroidManifest.xml:11:5-81
17-->[:flutter_local_notifications] AndroidManifest.xml:11:22-78
18    <uses-permission android:name="android.permission.SCHEDULE_EXACT_ALARM" /> <!-- Required by older versions of Google Play services to create IID tokens -->
18-->[:flutter_local_notifications] AndroidManifest.xml:12:5-79
18-->[:flutter_local_notifications] AndroidManifest.xml:12:22-76
19    <uses-permission android:name="com.google.android.c2dm.permission.RECEIVE" />
19-->[com.google.firebase:firebase-messaging:23.1.1] AndroidManifest.xml:28:5-82
19-->[com.google.firebase:firebase-messaging:23.1.1] AndroidManifest.xml:28:22-79
20    <uses-permission android:name="com.google.android.gms.permission.AD_ID" />
20-->[com.google.android.gms:play-services-measurement-api:21.2.0] AndroidManifest.xml:25:5-79
20-->[com.google.android.gms:play-services-measurement-api:21.2.0] AndroidManifest.xml:25:22-76
21    <uses-permission android:name="com.google.android.finsky.permission.BIND_GET_INSTALL_REFERRER_SERVICE" />
21-->[com.google.android.gms:play-services-measurement:21.2.0] AndroidManifest.xml:26:5-110
21-->[com.google.android.gms:play-services-measurement:21.2.0] AndroidManifest.xml:26:22-107
22
23    <application
24        android:name="android.app.Application"
24-->src/main/AndroidManifest.xml:5:9-42
25        android:appComponentFactory="androidx.core.app.CoreComponentFactory"
25-->[androidx.core:core:1.6.0] AndroidManifest.xml:24:18-86
26        android:icon="@mipmap/ic_launcher"
26-->src/main/AndroidManifest.xml:6:9-43
27        android:label="SmaDo" >
27-->src/main/AndroidManifest.xml:4:9-30
28        <activity
28-->src/main/AndroidManifest.xml:7:9-27:20
29            android:name="com.example.fit.MainActivity"
29-->src/main/AndroidManifest.xml:8:13-41
30            android:configChanges="orientation|keyboardHidden|keyboard|screenSize|smallestScreenSize|locale|layoutDirection|fontScale|screenLayout|density|uiMode"
30-->src/main/AndroidManifest.xml:12:13-163
31            android:exported="true"
31-->src/main/AndroidManifest.xml:9:13-36
32            android:hardwareAccelerated="true"
32-->src/main/AndroidManifest.xml:13:13-47
33            android:launchMode="singleTop"
33-->src/main/AndroidManifest.xml:10:13-43
34            android:theme="@style/LaunchTheme"
34-->src/main/AndroidManifest.xml:11:13-47
35            android:windowSoftInputMode="adjustResize" >
35-->src/main/AndroidManifest.xml:14:13-55
36
37            <!--
38                 Specifies an Android theme to apply to this Activity as soon as
39                 the Android process has started. This theme is visible to the user
40                 while the Flutter UI initializes. After that, this theme continues
41                 to determine the Window background behind the Flutter UI.
42            -->
43            <meta-data
43-->src/main/AndroidManifest.xml:19:13-22:17
44                android:name="io.flutter.embedding.android.NormalTheme"
44-->src/main/AndroidManifest.xml:20:15-70
45                android:resource="@style/NormalTheme" />
45-->src/main/AndroidManifest.xml:21:15-52
46
47            <intent-filter>
47-->src/main/AndroidManifest.xml:23:13-26:29
48                <action android:name="android.intent.action.MAIN" />
48-->src/main/AndroidManifest.xml:24:17-68
48-->src/main/AndroidManifest.xml:24:25-66
49
50                <category android:name="android.intent.category.LAUNCHER" />
50-->src/main/AndroidManifest.xml:25:17-76
50-->src/main/AndroidManifest.xml:25:27-74
51            </intent-filter>
52        </activity>
53        <!--
54             Don't delete the meta-data below.
55             This is used by the Flutter tool to generate GeneratedPluginRegistrant.java
56        -->
57        <meta-data
57-->src/main/AndroidManifest.xml:30:9-32:33
58            android:name="flutterEmbedding"
58-->src/main/AndroidManifest.xml:31:13-44
59            android:value="2" />
59-->src/main/AndroidManifest.xml:32:13-30
60
61        <service
61-->[:firebase_analytics] AndroidManifest.xml:14:9-18:19
62            android:name="com.google.firebase.components.ComponentDiscoveryService"
62-->[:firebase_analytics] AndroidManifest.xml:14:18-89
63            android:directBootAware="true"
63-->[com.google.firebase:firebase-common:20.3.0] AndroidManifest.xml:34:13-43
64            android:exported="false" >
64-->[com.google.firebase:firebase-messaging:23.1.1] AndroidManifest.xml:54:13-37
65            <meta-data
65-->[:firebase_analytics] AndroidManifest.xml:15:13-17:85
66                android:name="com.google.firebase.components:io.flutter.plugins.firebase.analytics.FlutterFirebaseAppRegistrar"
66-->[:firebase_analytics] AndroidManifest.xml:16:17-128
67                android:value="com.google.firebase.components.ComponentRegistrar" />
67-->[:firebase_analytics] AndroidManifest.xml:17:17-82
68            <meta-data
68-->[:cloud_firestore] AndroidManifest.xml:11:13-13:85
69                android:name="com.google.firebase.components:io.flutter.plugins.firebase.firestore.FlutterFirebaseFirestoreRegistrar"
69-->[:cloud_firestore] AndroidManifest.xml:12:17-134
70                android:value="com.google.firebase.components.ComponentRegistrar" />
70-->[:cloud_firestore] AndroidManifest.xml:13:17-82
71            <meta-data
71-->[:firebase_messaging] AndroidManifest.xml:38:13-40:85
72                android:name="com.google.firebase.components:io.flutter.plugins.firebase.messaging.FlutterFirebaseAppRegistrar"
72-->[:firebase_messaging] AndroidManifest.xml:39:17-128
73                android:value="com.google.firebase.components.ComponentRegistrar" />
73-->[:firebase_messaging] AndroidManifest.xml:40:17-82
74            <meta-data
74-->[:firebase_core] AndroidManifest.xml:11:13-13:85
75                android:name="com.google.firebase.components:io.flutter.plugins.firebase.core.FlutterFirebaseCoreRegistrar"
75-->[:firebase_core] AndroidManifest.xml:12:17-124
76                android:value="com.google.firebase.components.ComponentRegistrar" />
76-->[:firebase_core] AndroidManifest.xml:13:17-82
77            <meta-data
77-->[com.google.firebase:firebase-messaging:23.1.1] AndroidManifest.xml:55:13-57:85
78                android:name="com.google.firebase.components:com.google.firebase.messaging.FirebaseMessagingRegistrar"
78-->[com.google.firebase:firebase-messaging:23.1.1] AndroidManifest.xml:56:17-119
79                android:value="com.google.firebase.components.ComponentRegistrar" />
79-->[com.google.firebase:firebase-messaging:23.1.1] AndroidManifest.xml:57:17-82
80            <meta-data
80-->[com.google.firebase:firebase-datatransport:18.1.7] AndroidManifest.xml:27:13-29:85
81                android:name="com.google.firebase.components:com.google.firebase.datatransport.TransportRegistrar"
81-->[com.google.firebase:firebase-datatransport:18.1.7] AndroidManifest.xml:28:17-115
82                android:value="com.google.firebase.components.ComponentRegistrar" />
82-->[com.google.firebase:firebase-datatransport:18.1.7] AndroidManifest.xml:29:17-82
83            <meta-data
83-->[com.google.firebase:firebase-iid:21.1.0] AndroidManifest.xml:32:13-34:85
84                android:name="com.google.firebase.components:com.google.firebase.iid.Registrar"
84-->[com.google.firebase:firebase-iid:21.1.0] AndroidManifest.xml:33:17-96
85                android:value="com.google.firebase.components.ComponentRegistrar" />
85-->[com.google.firebase:firebase-iid:21.1.0] AndroidManifest.xml:34:17-82
86            <meta-data
86-->[com.google.firebase:firebase-firestore:24.4.3] AndroidManifest.xml:19:13-21:85
87                android:name="com.google.firebase.components:com.google.firebase.firestore.FirestoreRegistrar"
87-->[com.google.firebase:firebase-firestore:24.4.3] AndroidManifest.xml:20:17-111
88                android:value="com.google.firebase.components.ComponentRegistrar" />
88-->[com.google.firebase:firebase-firestore:24.4.3] AndroidManifest.xml:21:17-82
89            <meta-data
89-->[com.google.android.gms:play-services-measurement-api:21.2.0] AndroidManifest.xml:31:13-33:85
90                android:name="com.google.firebase.components:com.google.firebase.analytics.connector.internal.AnalyticsConnectorRegistrar"
90-->[com.google.android.gms:play-services-measurement-api:21.2.0] AndroidManifest.xml:32:17-139
91                android:value="com.google.firebase.components.ComponentRegistrar" />
91-->[com.google.android.gms:play-services-measurement-api:21.2.0] AndroidManifest.xml:33:17-82
92            <meta-data
92-->[com.google.firebase:firebase-installations:17.1.2] AndroidManifest.xml:17:13-19:85
93                android:name="com.google.firebase.components:com.google.firebase.installations.FirebaseInstallationsRegistrar"
93-->[com.google.firebase:firebase-installations:17.1.2] AndroidManifest.xml:18:17-127
94                android:value="com.google.firebase.components.ComponentRegistrar" />
94-->[com.google.firebase:firebase-installations:17.1.2] AndroidManifest.xml:19:17-82
95        </service>
96        <service
96-->[:firebase_messaging] AndroidManifest.xml:16:9-19:72
97            android:name="io.flutter.plugins.firebase.messaging.FlutterFirebaseMessagingBackgroundService"
97-->[:firebase_messaging] AndroidManifest.xml:17:13-107
98            android:exported="false"
98-->[:firebase_messaging] AndroidManifest.xml:18:13-37
99            android:permission="android.permission.BIND_JOB_SERVICE" />
99-->[:firebase_messaging] AndroidManifest.xml:19:13-69
100        <service
100-->[:firebase_messaging] AndroidManifest.xml:20:9-26:19
101            android:name="io.flutter.plugins.firebase.messaging.FlutterFirebaseMessagingService"
101-->[:firebase_messaging] AndroidManifest.xml:21:13-97
102            android:exported="false" >
102-->[:firebase_messaging] AndroidManifest.xml:22:13-37
103            <intent-filter>
103-->[:firebase_messaging] AndroidManifest.xml:23:13-25:29
104                <action android:name="com.google.firebase.MESSAGING_EVENT" />
104-->[:firebase_messaging] AndroidManifest.xml:24:17-78
104-->[:firebase_messaging] AndroidManifest.xml:24:25-75
105            </intent-filter>
106        </service>
107
108        <receiver
108-->[:firebase_messaging] AndroidManifest.xml:28:9-35:20
109            android:name="io.flutter.plugins.firebase.messaging.FlutterFirebaseMessagingReceiver"
109-->[:firebase_messaging] AndroidManifest.xml:29:13-98
110            android:exported="true"
110-->[:firebase_messaging] AndroidManifest.xml:30:13-36
111            android:permission="com.google.android.c2dm.permission.SEND" >
111-->[:firebase_messaging] AndroidManifest.xml:31:13-73
112            <intent-filter>
112-->[:firebase_messaging] AndroidManifest.xml:32:13-34:29
113                <action android:name="com.google.android.c2dm.intent.RECEIVE" />
113-->[:firebase_messaging] AndroidManifest.xml:33:17-81
113-->[:firebase_messaging] AndroidManifest.xml:33:25-78
114            </intent-filter>
115        </receiver>
116
117        <provider
117-->[:firebase_messaging] AndroidManifest.xml:43:9-47:38
118            android:name="io.flutter.plugins.firebase.messaging.FlutterFirebaseMessagingInitProvider"
118-->[:firebase_messaging] AndroidManifest.xml:44:13-102
119            android:authorities="com.example.fit.flutterfirebasemessaginginitprovider"
119-->[:firebase_messaging] AndroidManifest.xml:45:13-88
120            android:exported="false"
120-->[:firebase_messaging] AndroidManifest.xml:46:13-37
121            android:initOrder="99" />
121-->[:firebase_messaging] AndroidManifest.xml:47:13-35
122
123        <receiver
123-->[:flutter_local_notifications] AndroidManifest.xml:16:9-18:40
124            android:name="com.dexterous.flutterlocalnotifications.ActionBroadcastReceiver"
124-->[:flutter_local_notifications] AndroidManifest.xml:17:13-91
125            android:exported="false" />
125-->[:flutter_local_notifications] AndroidManifest.xml:18:13-37
126        <receiver
126-->[:flutter_local_notifications] AndroidManifest.xml:19:9-21:40
127            android:name="com.dexterous.flutterlocalnotifications.ScheduledNotificationReceiver"
127-->[:flutter_local_notifications] AndroidManifest.xml:20:13-97
128            android:exported="false" />
128-->[:flutter_local_notifications] AndroidManifest.xml:21:13-37
129        <receiver
129-->[:flutter_local_notifications] AndroidManifest.xml:22:9-31:20
130            android:name="com.dexterous.flutterlocalnotifications.ScheduledNotificationBootReceiver"
130-->[:flutter_local_notifications] AndroidManifest.xml:23:13-101
131            android:exported="false" >
131-->[:flutter_local_notifications] AndroidManifest.xml:24:13-37
132            <intent-filter>
132-->[:flutter_local_notifications] AndroidManifest.xml:25:13-30:29
133                <action android:name="android.intent.action.BOOT_COMPLETED" />
133-->[:flutter_local_notifications] AndroidManifest.xml:26:17-79
133-->[:flutter_local_notifications] AndroidManifest.xml:26:25-76
134                <action android:name="android.intent.action.MY_PACKAGE_REPLACED" />
134-->[:flutter_local_notifications] AndroidManifest.xml:27:17-84
134-->[:flutter_local_notifications] AndroidManifest.xml:27:25-81
135                <action android:name="android.intent.action.QUICKBOOT_POWERON" />
135-->[:flutter_local_notifications] AndroidManifest.xml:28:17-82
135-->[:flutter_local_notifications] AndroidManifest.xml:28:25-79
136                <action android:name="com.htc.intent.action.QUICKBOOT_POWERON" />
136-->[:flutter_local_notifications] AndroidManifest.xml:29:17-82
136-->[:flutter_local_notifications] AndroidManifest.xml:29:25-79
137            </intent-filter>
138        </receiver>
139
140        <uses-library
140-->[androidx.window:window:1.0.0-beta04] AndroidManifest.xml:25:9-27:40
141            android:name="androidx.window.extensions"
141-->[androidx.window:window:1.0.0-beta04] AndroidManifest.xml:26:13-54
142            android:required="false" />
142-->[androidx.window:window:1.0.0-beta04] AndroidManifest.xml:27:13-37
143        <uses-library
143-->[androidx.window:window:1.0.0-beta04] AndroidManifest.xml:28:9-30:40
144            android:name="androidx.window.sidecar"
144-->[androidx.window:window:1.0.0-beta04] AndroidManifest.xml:29:13-51
145            android:required="false" />
145-->[androidx.window:window:1.0.0-beta04] AndroidManifest.xml:30:13-37
146
147        <receiver
147-->[com.google.firebase:firebase-messaging:23.1.1] AndroidManifest.xml:31:9-38:20
148            android:name="com.google.firebase.iid.FirebaseInstanceIdReceiver"
148-->[com.google.firebase:firebase-messaging:23.1.1] AndroidManifest.xml:32:13-78
149            android:exported="true"
149-->[com.google.firebase:firebase-messaging:23.1.1] AndroidManifest.xml:33:13-36
150            android:permission="com.google.android.c2dm.permission.SEND" >
150-->[com.google.firebase:firebase-messaging:23.1.1] AndroidManifest.xml:34:13-73
151            <intent-filter>
151-->[:firebase_messaging] AndroidManifest.xml:32:13-34:29
152                <action android:name="com.google.android.c2dm.intent.RECEIVE" />
152-->[:firebase_messaging] AndroidManifest.xml:33:17-81
152-->[:firebase_messaging] AndroidManifest.xml:33:25-78
153            </intent-filter>
154        </receiver>
155        <!--
156             FirebaseMessagingService performs security checks at runtime,
157             but set to not exported to explicitly avoid allowing another app to call it.
158        -->
159        <service
159-->[com.google.firebase:firebase-messaging:23.1.1] AndroidManifest.xml:44:9-51:19
160            android:name="com.google.firebase.messaging.FirebaseMessagingService"
160-->[com.google.firebase:firebase-messaging:23.1.1] AndroidManifest.xml:45:13-82
161            android:directBootAware="true"
161-->[com.google.firebase:firebase-messaging:23.1.1] AndroidManifest.xml:46:13-43
162            android:exported="false" >
162-->[com.google.firebase:firebase-messaging:23.1.1] AndroidManifest.xml:47:13-37
163            <intent-filter android:priority="-500" >
163-->[:firebase_messaging] AndroidManifest.xml:23:13-25:29
164                <action android:name="com.google.firebase.MESSAGING_EVENT" />
164-->[:firebase_messaging] AndroidManifest.xml:24:17-78
164-->[:firebase_messaging] AndroidManifest.xml:24:25-75
165            </intent-filter>
166        </service>
167        <service
167-->[com.google.android.datatransport:transport-backend-cct:3.1.8] AndroidManifest.xml:28:9-34:19
168            android:name="com.google.android.datatransport.runtime.backends.TransportBackendDiscovery"
168-->[com.google.android.datatransport:transport-backend-cct:3.1.8] AndroidManifest.xml:29:13-103
169            android:exported="false" >
169-->[com.google.android.datatransport:transport-backend-cct:3.1.8] AndroidManifest.xml:30:13-37
170            <meta-data
170-->[com.google.android.datatransport:transport-backend-cct:3.1.8] AndroidManifest.xml:31:13-33:39
171                android:name="backend:com.google.android.datatransport.cct.CctBackendFactory"
171-->[com.google.android.datatransport:transport-backend-cct:3.1.8] AndroidManifest.xml:32:17-94
172                android:value="cct" />
172-->[com.google.android.datatransport:transport-backend-cct:3.1.8] AndroidManifest.xml:33:17-36
173        </service>
174        <service
174-->[com.google.android.datatransport:transport-runtime:3.1.8] AndroidManifest.xml:26:9-30:19
175            android:name="com.google.android.datatransport.runtime.scheduling.jobscheduling.JobInfoSchedulerService"
175-->[com.google.android.datatransport:transport-runtime:3.1.8] AndroidManifest.xml:27:13-117
176            android:exported="false"
176-->[com.google.android.datatransport:transport-runtime:3.1.8] AndroidManifest.xml:28:13-37
177            android:permission="android.permission.BIND_JOB_SERVICE" >
177-->[com.google.android.datatransport:transport-runtime:3.1.8] AndroidManifest.xml:29:13-69
178        </service>
179
180        <receiver
180-->[com.google.android.datatransport:transport-runtime:3.1.8] AndroidManifest.xml:32:9-34:40
181            android:name="com.google.android.datatransport.runtime.scheduling.jobscheduling.AlarmManagerSchedulerBroadcastReceiver"
181-->[com.google.android.datatransport:transport-runtime:3.1.8] AndroidManifest.xml:33:13-132
182            android:exported="false" />
182-->[com.google.android.datatransport:transport-runtime:3.1.8] AndroidManifest.xml:34:13-37
183
184        <provider
184-->[com.google.firebase:firebase-common:20.3.0] AndroidManifest.xml:25:9-30:39
185            android:name="com.google.firebase.provider.FirebaseInitProvider"
185-->[com.google.firebase:firebase-common:20.3.0] AndroidManifest.xml:26:13-77
186            android:authorities="com.example.fit.firebaseinitprovider"
186-->[com.google.firebase:firebase-common:20.3.0] AndroidManifest.xml:27:13-72
187            android:directBootAware="true"
187-->[com.google.firebase:firebase-common:20.3.0] AndroidManifest.xml:28:13-43
188            android:exported="false"
188-->[com.google.firebase:firebase-common:20.3.0] AndroidManifest.xml:29:13-37
189            android:initOrder="100" />
189-->[com.google.firebase:firebase-common:20.3.0] AndroidManifest.xml:30:13-36
190
191        <receiver
191-->[com.google.android.gms:play-services-measurement:21.2.0] AndroidManifest.xml:29:9-33:20
192            android:name="com.google.android.gms.measurement.AppMeasurementReceiver"
192-->[com.google.android.gms:play-services-measurement:21.2.0] AndroidManifest.xml:30:13-85
193            android:enabled="true"
193-->[com.google.android.gms:play-services-measurement:21.2.0] AndroidManifest.xml:31:13-35
194            android:exported="false" >
194-->[com.google.android.gms:play-services-measurement:21.2.0] AndroidManifest.xml:32:13-37
195        </receiver>
196
197        <service
197-->[com.google.android.gms:play-services-measurement:21.2.0] AndroidManifest.xml:35:9-38:40
198            android:name="com.google.android.gms.measurement.AppMeasurementService"
198-->[com.google.android.gms:play-services-measurement:21.2.0] AndroidManifest.xml:36:13-84
199            android:enabled="true"
199-->[com.google.android.gms:play-services-measurement:21.2.0] AndroidManifest.xml:37:13-35
200            android:exported="false" />
200-->[com.google.android.gms:play-services-measurement:21.2.0] AndroidManifest.xml:38:13-37
201        <service
201-->[com.google.android.gms:play-services-measurement:21.2.0] AndroidManifest.xml:39:9-43:72
202            android:name="com.google.android.gms.measurement.AppMeasurementJobService"
202-->[com.google.android.gms:play-services-measurement:21.2.0] AndroidManifest.xml:40:13-87
203            android:enabled="true"
203-->[com.google.android.gms:play-services-measurement:21.2.0] AndroidManifest.xml:41:13-35
204            android:exported="false"
204-->[com.google.android.gms:play-services-measurement:21.2.0] AndroidManifest.xml:42:13-37
205            android:permission="android.permission.BIND_JOB_SERVICE" />
205-->[com.google.android.gms:play-services-measurement:21.2.0] AndroidManifest.xml:43:13-69
206
207        <activity
207-->[com.google.android.gms:play-services-base:18.0.1] AndroidManifest.xml:20:9-22:45
208            android:name="com.google.android.gms.common.api.GoogleApiActivity"
208-->[com.google.android.gms:play-services-base:18.0.1] AndroidManifest.xml:20:19-85
209            android:exported="false"
209-->[com.google.android.gms:play-services-base:18.0.1] AndroidManifest.xml:22:19-43
210            android:theme="@android:style/Theme.Translucent.NoTitleBar" />
210-->[com.google.android.gms:play-services-base:18.0.1] AndroidManifest.xml:21:19-78
211
212        <meta-data
212-->[com.google.android.gms:play-services-basement:18.1.0] AndroidManifest.xml:21:9-23:69
213            android:name="com.google.android.gms.version"
213-->[com.google.android.gms:play-services-basement:18.1.0] AndroidManifest.xml:22:13-58
214            android:value="@integer/google_play_services_version" />
214-->[com.google.android.gms:play-services-basement:18.1.0] AndroidManifest.xml:23:13-66
215    </application>
216
217</manifest>